3 281 237 293
3 161 6 270
1 228
2 296 255
2 209 135
1 206
1 256
3 193 128 94
3 290 202 37
2 93 262
3 13 198 69
2 95 130
1 278
1 35
1 149
2 224 12
1 266
1 123
2 127 120
2 61 274
2 113 240
2 201 169
2 14 84
2 3 9
1 30
1 250
2 170 205
1 132
1 196
1 252
2 177 219
1 192
2 45 46
1 175
1 59
3 7 174 199
3 136 158 279
1 215
2 75 100
2 140 143
2 248 141
3 58 70 247
2 27 291
2 105 106
2 82 77
2 273 183
2 24 124
1 186
2 121 211
2 108 176
2 139 155
1 152
1 182
2 214 251
1 233
2 109 17
2 283 2
2 44 71
1 173
3 107 118 49
1 67
2 146 52
1 115
1 242
2 294 153
2 60 119
2 163 165
1 238
3 227 207 292
2 68 289
2 148 194
1 78
2 171 104
3 21 191 229
2 101 280
1 189
2 62 208
1 66
1 55
3 230 160 97
1 98
3 172 73 1
3 218 64 126
1 265
1 272
3 122 147 151
2 156 51
2 91 142
3 133 157 31
2 26 25
2 5 47
1 154
2 210 145
2 222 112
2 39 231
4 129 244 76 297
3 277 90 257
1 288
3 72 235 178
1 43
