1 6520 1139
2 262 4820
3 9702 7728 5494
4 2007
5 9099 2530
6 4144 4662
7 7904 911
8 2343 181
9 5317 9953 3897
10 4898 8279
11 8452
12 7329 962
13 6363 9596
14 5864 679
15 2693 5048
16 1480 8676 8377
17 5739 6958
18 6072 8375
19 7003 4243
20 8606
21 7882 5968
22 8070
23 2298
24 3905 2629
25 7314 8143 3095
26 2491
27 6462 8380
28 7028 4987
29 881 4380 5078
30 39 7943
31 9509 4553
32 3187 5265
33 3864 6170
34 8038 5460
35 6830 6445
36 5437 6322
37 4998
38 6362 3402
39 8160 913
40 8991 7094 4091
41 3134
42 1817 8874
43 3198 1887
44 4303 888
45 4996
46 6548 8862
47 8732 7986
48 9503 5159
49 9011 9986
50 2881 3737
51 9764
52 7182
53 605 5125
54 1107 4124
55 6834
56 2605 9844 2832 6271
57 6740 1624 8622
58 558 9990
59 2288 4823
60 9624 4253 8210
61 7476
62 6382 2897
63 6581 6242
64 1773 634 9552
65 7280 6750
66 8239 3096 2627
67 2204 443
68 7347 1847
69 7966 4149
70 3508 5661
71 5156 8934
72 5763 9467
73 1721 4320
74 2134
75 264 9172
76 7373 2381 7527
77 8464 694 9336
78 928 7279 1375
79 2591 795
80 5426 4385 8480
81 4924 8106
82 9489 9532
83 4301 6978
84 8721 9310 4186
85 4087 1705
86 9100 6933
87 9897 289 2853
88 5377 7806 1698
89 9444 6070
90 5321 9796
91 6724 7496
92 134 440
93 3887
94 2787 3478
95 4532 3041
96 3491
97 2984 8006 6819
98 613 6627
99 9751 3965
100 1071 2879
101 4450 2155 939
102 1594
103 854 5984 9638
104 4184 8432 7968
105 7318 6227 3289
106 3311 427
107 288 3838
108 3265
109 5625 5949
110 3962 5348
111 8885 3617
112 129 1935
113 8667 745 6191
114 698 3742
115 3877 4484 4795
116 723 5874
117 1680
118 1725 8411
119 6169 2509
120 8893
121 9451
122 5679 1318
123 4029 9060 2586
124 5997 1418
125 3705
126 1374 4757
127 4135 9956
128 8625 2508
129 3256 5606
130 3625 6241
131 631 8217
132 2147 1322 455
133 6526 1341
134 3215 8284 3180
135 7196 34 3313
136 2692 5672
137 8565 8282
138 5593 6855 4292
139 1188 7427
140 619 794
141 2122 6371 20
142 8749 4610
143 1545
144 103 6559
145 8786 4789 5037 4978
146 3630 6210
147 5452 5932
148 4148 1020
149 7387 7374
150 1666 5108
151 2918 9536
152 5151 1558
153 2499 5855
154 5833
155 205 170
156 2959 8568 7593
157 8868 8343 2839
158 5260 3960 8019
159 9663 5592
160 3828 9281
161 4647 2609
162 3163 1009
163 7892 3664
164 2863 4928
165 8048 7151
166 1691 2271
167 6108
168 5604
169 2261 9588 8740
170 4220
171 5950 7825
172 7205 6323
173 2382 6943
174 5424 9437 9717
175 171 8654
176 6514
177 5072 6439
178 9447 329
179 2082 2946
180 8046 7168
181 7937
182 4942 1899
183 2112 6583 626
184 6181 3652
185 8167 8066 8957
186 9097
187 8736 900
188 6935 1646
189 6102 5896
190 380 1234
191 1586
192 2379 1410
193 7253 7850 6934
194 3749
195 1816 685
196 3061 1522
197 2512 5658 8145
198 2662 2225
199 2272 2111 398
200 5619 7771 8054
201 2242 5543
202 7970 1207
203 9944 4845 5900
204 8244 14
205 2344 6250
206 8124 3021
207 5505 8069
208 8402
209 2198 107
210 3117 4632 5845
211 3173 464
212 5481 1003
213 1572 9573
214 7293 397 8543
215 1286 4273
216 1119 2864
217 8745 6288
218 8762 8499
219 6145 1001
220 4735
221 6012 7945 2659
222 1486 3619
223 8767 6914
224 6480 8619 4095
225 2119 0
226 946 1699
227 7322 778
228 654 9146
229 2806
230 2978 5578
231 4884 4026 4799
232 447
233 2741 1932 7404
234 4163 5894
235 5895
236 9788 4844
237 4460 2138
238 448 9355 2597
239 2522 6717
240 7798 8275
241 3330 5501
242 3548 2273
243 3982 6481
244 9689 9069
245 9967 7991
246 3206 3825
247 3940 7056 4622
248 5674 4753
249 19 3120
250 1554 8301
251 1908 3252
252 8353 2877
253 1155 4013
254 4340 3975
255 7501 2840
256 7181 8921
257 938 7443 3279
258 3139 4723
259 3091 343
260 4575 6564 1948
261 1057 1293
262 1989 2540
263 9586 345 8850
264 3487 9834
265 6792 9472
266 7787 8061 4695
267 8016 4277
268 9455 8185
269 7105 5697
270 7345 6994
271 6729 251
272 1823
273 2289
274 6495 5647
275 7394 8078
276 8525 5047
277 8156
278 5626 3703
279 4306 6185
280 5664 2080
281 9979 2594
282 4572 6613
283 1433 188
284 3310
285 6491 9676
286 1934 5580
287 4872 8808
288 8458 6907 1295
289 8784 4689 8417 2818
290 9144 5434
291 2646 2421
292 7228
293 6
294 4127
295 7487 8789
296 1041 9775
297 3337 4281
298 1270 4047
299 4944 968 7289
300 8785 2549 616
301 1367
302 4249 1917 7173
303 6470
304 1459 835
305 5044
306 5694 5121
307 7653 2457
308 3980 3712
309 7431 5841
310 7438 5802 9916
311 8272 6664
312 2517 1923
313 7741 1456
314 2721 9782
315 9814 1120
316 7285 8556
317 1975 4891
318 9648
319 964 4399
320 8655 5586
321 825 2142 3656
322 3359 8414
323 6902 2545 4
324 7711 2698
325 54 2169
326 9880 7565
327 8251
328 9220
329 3801 8163
330 6621
331 6467
332 5490 9792
333 164 4985 8313
334 1216 2820
335 4810 9507
336 4054
337 6131 3723
338 6365
339 7563
340 3213 998
341 7133
342 7536 8001
343 8683
344 8718
345 2018 6789
346 9158 7332 3631
347 9780 410
348 9657 4614 6334
349 7267 9520
350 1215 7100 3792
351 2316 2056 1614
352 3721 798 5449
353 6055 805
354 6281 1060
355 4673 2544
356 6353 2983
357 7460
358 539 8327
359 355 2847
360 3795 1213
361 7146
362 8395 6863 650
363 5908 3741
364 3515 3346
365 3694 8308
366 204
367 396 7821 9719
368 4074 1334
369 9919 8080
370 446 5274
371 7833 7950
372 8087
373 4624 4612 6650
374 4189
375 9742 7290
376 2193
377 9540
378 5758
379 5794 6005
380 8150 5581
381 8248 9304
382 461 359 6635
383 5136 2691
384 7817 9530
385 6207
386 2269 2411
387 6530 1579
388 3868
389 3733 1905
390 5898 6997
391 4298 6111
392 81 8778 5225
393 2400 8702
394 6692 1114
395 738 1983
396 8672 4158
397 9028 7584 9277
398 4232 3571
399 3555 2768 6060
400 4802 2266 9568
