4 466 3263 4235 85
6 4032 2837 4513 634 8774 7234
1 9307
2 516 2288
3 5956 8715 6614
2 2634 3232
3 2953 4337 8816
2 3171 9604
3 3578 4256 1445
5 987 2741 7433 3422 4556
5 6215 9405 6957 65 6952
4 9389 3230 5575 6906
4 6071 9744 4407 9607
4 7780 121 1385 6575
2 1126 6246
6 4243 4749 6106 7463 6722 6479
7 1724 1783 6688 7746 7951 8402 7326
4 8489 6324 7174 7502
5 5964 639 2905 7270 4331
2 283 6014
2 224 7417
2 5629 7887
5 8982 6248 3406 7926 9982
6 167 1019 8203 2275 3985 7756
3 6284 1323 2016
4 9177 7495 4695 2084
2 1366 694
5 6595 5802 9642 5374 5273
7 1073 8054 7799 8032 8880 1738 3444
5 2135 3282 880 8317 2719
5 7163 7403 7665 9403 7272
2 281 7796
3 7694 4706 4712
5 813 650 6880 1369 4915
5 6224 875 8749 6029 2217
2 1215 4821
3 9025 7029 9768
4 3358 3274 4923 8385
6 7190 5064 5986 4848 4798 2678
5 9488 2947 5606 3864 6787
1 6055
3 2742 8117 2451
2 105 8114
3 6771 3038 2367
5 2893 4462 127 9094 1911
5 6190 9523 638 7194 2925
3 39 8265 2480
5 921 8635 3424 7090 1637
4 5028 3379 8531 6148
5 8680 5242 5981 8771 4364
5 9658 428 749 4827 4956
2 567 4644
4 4064 1254 371 4747
3 6492 3159 4678
3 1743 1008 2587
3 6002 2501 2623
2 6727 1778
3 5304 1079 4659
6 6280 4882 6489 2177 869 647
6 9545 588 1432 1022 2249 1766
3 1939 6626 6422
4 7109 8036 7839 6843
5 8101 8852 3438 3540 4361
3 8976 758 3048
5 8983 2003 425 5007 592
5 9184 7888 9030 2493 1921
6 2574 5330 1667 2899 5559 5638
4 5173 9285 9152 7414
3 477 2879 419
6 853 6834 8408 5234 3106 9255
3 4613 166 9204
4 6428 5671 1136 202
3 3032 341 6051
5 4780 9000 8126 7261 5561
2 6598 3708
4 5760 5391 1851 582
3 9696 9086 8392
5 6509 5244 6321 4704 3143
4 8273 9001 3474 3107
3 9233 8061 5107
4 5477 9875 8583 7886
3 3237 7435 9941
3 851 1557 1289
2 9766 3767
2 347 470
5 7776 7504 240 7805 6173
3 772 770 511
7 1809 3303 4470 4721 6203 7654 6371
5 5705 5519 891 4998 5473
4 3508 8169 575 277
3 4776 3305 6172
4 5924 7164 287 75
4 7003 6916 3979 2494
5 1357 1155 783 3092 126
1 98
2 8342 447
4 2245 6929 8619 6207
6 9236 4731 4013 9563 1727 9558
3 1285 6555 4539
4 4029 4517 561 2149
5 5327 9893 9972 5918 63
4 6263 4434 4995 4418
5 5298 6751 8081 5970 1651
5 6304 2689 6981 7413 1235
4 7877 8192 3901 1864
3 7966 7593 9154
2 7850 1635
4 5034 329 5677 9138
2 3668 8479
4 7956 1513 1522 1154
2 7804 503
5 9055 5084 4404 806 9346
2 5827 722
5 9715 3613 8788 5593 8799
3 7945 3913 2507
3 9874 7159 5987
7 7309 5440 2076 5958 8068 4461 5738
3 6951 6960 977
3 8143 5178 4184
3 4600 8037 1508
4 1519 7740 2881 4329
5 3690 8556 4061 1559 5033
5 6469 5141 4222 6881 960
2 2190 7775
2 5280 7540
3 4845 1027 1397
6 3179 9891 2690 29 8708 6898
3 3081 4412 3595
2 1988 9481
2 3115 973
3 3980 8945 5644
3 4219 5665 2388
6 6635 7867 6689 3559 4619 8395
6 1566 9439 4085 7281 6955 6835
1 7368
3 9813 2544 6647
4 9543 4401 937 9212
1 7774
3 5089 7470 3375
4 2198 2948 692 4871
5 4737 1658 2405 5780 1791
3 5294 2942 3399
6 8150 2502 8902 640 5928 9343
4 3073 4043 2366 8194
3 1628 8058 6091
4 4980 7263 6189 7341
2 6830 2611
6 4446 3483 7617 9991 6038 7996
6 7560 1879 2160 4840 4897 9478
4 6448 2340 3218 5666
2 4940 4605
3 9026 2267 3580
4 4774 6306 3008 4625
3 5910 5365 3818
4 2401 4758 6524 2994
3 6053 3829 4502
5 3090 1180 876 7729 5991
5 7393 8217 3994 4510 9163
2 8978 7688
4 8995 6122 5526 7165
2 6186 6279
1 7364
5 8825 4176 4381 3467 9410
3 3348 7908 3504
4 5468 9193 4526 9741
3 3193 730 9932
4 5788 5402 9968 1363
4 3971 7189 8252 9109
5 1044 3004 6101 2616 6301
5 6387 8016 1041 9950 4419
4 1630 2667 8768 5885
5 5816 7 4746 2968 6804
3 6303 6542 5517
5 4694 9763 5358 3355 7917
1 5453
3 6060 9423 7568
4 933 2665 8716 6663
5 6875 4173 8323 3366 233
3 8809 3652 4964
6 4076 2960 9760 8996 3404 1993
5 7724 4022 7972 9358 1212
4 3181 160 4741 3227
3 5728 4271 2103
4 9964 2324 1729 3006
3 1624 2498 4063
6 373 5692 3141 581 6680 7456
5 5696 8095 2211 5717 4171
2 9404 5410
5 9434 9367 1582 9724 6017
2 4899 4087
2 5651 1793
4 7258 5599 8501 4978
2 1303 9784
3 2363 652 5193
5 6233 1586 9947 6755 6546
3 1787 9674 1773
5 3155 9329 9113 8412 7492
3 6517 9788 7649
4 6525 172 7123 4576
4 8229 8451 1634 9799
3 2581 7817 655
3 9029 9726 6576
4 4194 7508 8298 519
2 4297 3071
6 6754 4074 4305 6109 4354 3642
5 4788 8901 4709 6442 1990
4 9684 9828 4585 8351
4 1942 5360 9074 5044
4 3353 4075 6587 2107
5 2931 9409 6199 4962 1199
4 3963 3948 870 6588
5 8701 7750 9686 1943 3570
5 1436 1686 8660 1399 5690
4 4416 1975 2467 7527
4 6710 3045 8743 2791
4 3579 3473 5953 5921
4 3639 7192 4135 3634
3 4066 4572 8694
2 120 6511
3 2347 5618 1690
3 2437 6094 2894
4 6935 1615 5002 7264
8 6975 9267 8794 7112 920 1981 3421 1665
2 9114 9192
4 8580 6762 5050 9969
3 5177 8384 8964
4 5379 573 3857 6164
4 2974 2398 5430 7049
4 3284 6356 8374 9418
4 3487 201 4362 9802
3 4815 8218 849
2 9347 5320
1 1596
3 9380 4253 5392
1 7690
6 1322 9706 8567 3717 5092 5486
2 5110 3808
5 7427 4016 5922 9579 2956
4 9480 6281 9555 4916
3 4812 3074 6413
2 9237 5255
3 6677 3226 8465
5 450 3268 238 8174 3870
3 4359 2952 3024
2 1916 9354
4 2017 4208 145 9015
3 7920 8928 7652
4 2872 8792 3918 8470
3 3056 5864 3529
1 819
3 2868 5513 1648
3 8645 1497 9895
4 6388 2434 5712 3082
4 199 6545 3157 6625
3 1230 4714 6121
2 5081 3021
4 5206 1684 7266 2582
2 5025 2254
3 668 6972 5269
3 4320 6235 5823
1 7534
5 1668 5172 7440 5621 7722
4 1562 1859 2559 3080
5 1749 5198 5328 8596 6730
3 2520 439 4347
3 5199 5548 9431
4 6699 5602 9602 2936
5 207 6610 2871 1184 496
2 1454 6942
5 7001 5498 5458 24 5674
5 8328 6256 9342 8782 7911
3 7064 1270 9827
3 186 3311 8314
5 288 9578 8077 824 7936
5 2035 8388 9181 9349 6090
6 4976 799 2108 7469 6713 411
5 6483 5750 9916 1503 2907
5 8067 2753 7905 8484 6596
7 7227 623 5625 7818 2093 3530 7641
4 2648 8643 9045 7577
5 3496 4130 8612 7854 6061
4 5171 6296 4735 4111
2 5216 5211
4 9512 5363 8376 6202
3 5061 547 2810
5 6117 7706 4846 491 7063
3 8763 8893 9600
3 6548 3734 1868
5 9536 857 2329 5779 9860
3 316 2291 3810
6 8339 861 1514 7220 7711 9770
3 2379 8240 7162
5 6747 3750 6858 9731 4690
4 7473 9164 3957 3517
5 8734 5640 372 3779 9841
4 2992 4959 6496 711
4 5619 4287 3589 7655
3 8755 3931 9918
4 2826 1361 9697 2518
3 2736 5471 969
2 9018 8909
3 3906 3062 2338
2 2099 5988
5 5952 7430 1594 5698 1298
4 7948 7726 6269 2423
4 4718 5158 9786 2155
3 5536 1655 531
2 4832 4635
5 9890 4783 2618 3796 7134
4 1178 2516 936 6441
3 7106 5789 7460
4 9808 2226 5897 124
2 3576 7820
2 7934 212
4 8065 7858 1551 7555
3 45 6142 6491
6 7662 3939 5203 5344 2999 2809
1 8670
6 7284 5689 8510 344 4811 4901
5 4529 9214 1937 9782 4058
4 7675 6147 8916 6632
6 7975 7490 197 8305 5489 8629
5 4088 2362 415 1446 6405
3 3615 4913 3188
4 6903 6920 9829 4188
4 5875 9514 5877 9958
2 9812 2497
1 2436
3 4054 1337 3952
3 361 7747 7021
3 1718 9244 9556
2 1875 8311
3 5507 2786 5284
6 9930 9716 5131 8557 6656 1627
4 369 2104 8548 3116
5 4670 1277 852 5851 2504
3 6932 7399 7010
3 6568 7705 6216
5 6856 3178 6153 4268 7207
5 7625 5201 7405 8891 6627
4 2276 7396 2585 5707
5 8243 8823 9517 3826 9577
3 301 5060 8096
3 4067 3687 3531
2 5913 5065
5 2839 6297 988 696 3876
6 3534 5874 9656 6040 2431 1177
4 8620 5337 9100 697
4 354 8712 4540 4131
6 4350 6976 3621 8160 2189 4097
